2025-05-21 12:46:03 [restartedMain] INFO  c.o.loggingprac.Application - Starting Application using Java 17.0.3 with PID 11400 (C:\test\logging_prac\build\classes\java\main started by Playdata in C:\test\logging_prac)
2025-05-21 12:46:03 [restartedMain] DEBUG c.o.loggingprac.Application - Running with Spring Boot v3.4.5, Spring v6.2.6
2025-05-21 12:46:03 [restartedMain] INFO  c.o.loggingprac.Application - No active profile set, falling back to 1 default profile: "default"
2025-05-21 12:46:03 [restartedMain] INFO  o.s.b.d.e.DevToolsPropertyDefaultsPostProcessor - Devtools property defaults active! Set 'spring.devtools.add-properties' to 'false' to disable
2025-05-21 12:46:03 [restartedMain] INFO  o.s.b.d.e.DevToolsPropertyDefaultsPostProcessor - For additional web related logging consider setting the 'logging.level.web' property to 'DEBUG'
2025-05-21 12:46:04 [restartedMain] INFO  o.s.b.w.e.tomcat.TomcatWebServer - Tomcat initialized with port 8999 (http)
2025-05-21 12:46:04 [restartedMain] INFO  o.a.coyote.http11.Http11NioProtocol - Initializing ProtocolHandler ["http-nio-8999"]
2025-05-21 12:46:04 [restartedMain] INFO  o.a.catalina.core.StandardService - Starting service [Tomcat]
2025-05-21 12:46:04 [restartedMain] INFO  o.a.catalina.core.StandardEngine - Starting Servlet engine: [Apache Tomcat/10.1.40]
2025-05-21 12:46:04 [restartedMain] INFO  o.a.c.c.C.[Tomcat].[localhost].[/] - Initializing Spring embedded WebApplicationContext
2025-05-21 12:46:04 [restartedMain] INFO  o.s.b.w.s.c.ServletWebServerApplicationContext - Root WebApplicationContext: initialization completed in 833 ms
2025-05-21 12:46:04 [restartedMain] INFO  o.s.b.d.a.OptionalLiveReloadServer - LiveReload server is running on port 35729
2025-05-21 12:46:04 [restartedMain] INFO  o.a.coyote.http11.Http11NioProtocol - Starting ProtocolHandler ["http-nio-8999"]
2025-05-21 12:46:04 [restartedMain] INFO  o.s.b.w.e.tomcat.TomcatWebServer - Tomcat started on port 8999 (http) with context path '/'
2025-05-21 12:46:04 [restartedMain] INFO  c.o.loggingprac.Application - Started Application in 1.675 seconds (process running for 2.203)
2025-05-21 12:46:24 [http-nio-8999-exec-1] INFO  o.a.c.c.C.[Tomcat].[localhost].[/] - Initializing Spring DispatcherServlet 'dispatcherServlet'
2025-05-21 12:46:24 [http-nio-8999-exec-1] INFO  o.s.web.servlet.DispatcherServlet - Initializing Servlet 'dispatcherServlet'
2025-05-21 12:46:24 [http-nio-8999-exec-1] INFO  o.s.web.servlet.DispatcherServlet - Completed initialization in 1 ms
2025-05-21 12:46:24 [http-nio-8999-exec-1] INFO  c.o.l.log.ClientLogInterceptor - Client Request - IP: 0:0:0:0:0:0:0:1, Method: GET, URI: /api/logs/health, User-Agent: Mozilla/5.0 (Windows NT 10.0; Win64; x64) AppleWebKit/537.36 (KHTML, like Gecko) Chrome/136.0.0.0 Safari/537.36
2025-05-21 12:46:24 [http-nio-8999-exec-1] DEBUG c.o.l.log.LogAnalyzerController - health 핸들러 메소드 실행
2025-05-21 12:47:06 [SpringApplicationShutdownHook] INFO  o.s.b.w.e.tomcat.GracefulShutdown - Commencing graceful shutdown. Waiting for active requests to complete
2025-05-21 12:47:06 [tomcat-shutdown] INFO  o.s.b.w.e.tomcat.GracefulShutdown - Graceful shutdown complete
